#
# There is insufficient memory for the Java Runtime Environment to continue.
# Native memory allocation (mmap) failed to map 65011712 bytes for G1 virtual space
# Possible reasons:
#   The system is out of physical RAM or swap space
#   The process is running with CompressedOops enabled, and the Java Heap may be blocking the growth of the native heap
# Possible solutions:
#   Reduce memory load on the system
#   Increase physical memory or swap space
#   Check if swap backing store is full
#   Decrease Java heap size (-Xmx/-Xms)
#   Decrease number of Java threads
#   Decrease Java thread stack sizes (-Xss)
#   Set larger code cache with -XX:ReservedCodeCacheSize=
#   JVM is running with Unscaled Compressed Oops mode in which the Java heap is
#     placed in the first 4GB address space. The Java Heap base address is the
#     maximum limit for the native heap growth. Please use -XX:HeapBaseMinAddress
#     to set the Java Heap base and to place the Java Heap above 4GB virtual address.
# This output file may be truncated or incomplete.
#
#  Out of Memory Error (./open/src/hotspot/os/windows/os_windows.cpp:3321), pid=7820, tid=1452
#
# JRE version:  (15.0.2+7) (build )
# Java VM: Java HotSpot(TM) 64-Bit Server VM (15.0.2+7-27, mixed mode, sharing, tiered, compressed oops, g1 gc, windows-amd64)
# No core dump will be written. Minidumps are not enabled by default on client versions of Windows
#

---------------  S U M M A R Y ------------

Command Line: --add-modules=ALL-DEFAULT jdk.compiler/com.sun.tools.javac.launcher.Main mathmethod19.java

Host: Intel(R) Core(TM) i3-6006U CPU @ 2.00GHz, 4 cores, 3G,  Windows 10 , 64 bit Build 18362 (10.0.18362.1500)
Time: Sat May 29 16:34:59 2021 Malay Peninsula Standard Time elapsed time: 0.520308 seconds (0d 0h 0m 0s)

---------------  T H R E A D  ---------------

Current thread (0x000001d07b5b0c10):  JavaThread "Unknown thread" [_thread_in_vm, id=1452, stack(0x00000045a9e00000,0x00000045a9f00000)]

Stack: [0x00000045a9e00000,0x00000045a9f00000]
Native frames: (J=compiled Java code, j=interpreted, Vv=VM code, C=native code)
V  [jvm.dll+0x62ae9a]
V  [jvm.dll+0x7817a9]
V  [jvm.dll+0x782f03]
V  [jvm.dll+0x783563]
V  [jvm.dll+0x216325]
V  [jvm.dll+0x6281d9]
V  [jvm.dll+0x61cf55]
V  [jvm.dll+0x2cffdd]
V  [jvm.dll+0x2cfe42]
V  [jvm.dll+0x2d5e1c]
V  [jvm.dll+0x32590a]
V  [jvm.dll+0x324fd4]
V  [jvm.dll+0x2a6f5a]
V  [jvm.dll+0x2a80f8]
V  [jvm.dll+0x75e241]
V  [jvm.dll+0x3341c4]
V  [jvm.dll+0x73e926]
V  [jvm.dll+0x3b7557]
V  [jvm.dll+0x3b8fe1]
C  [jli.dll+0x52fb]
C  [ucrtbase.dll+0x210b2]
C  [KERNEL32.DLL+0x17c24]
C  [ntdll.dll+0x6d721]


---------------  P R O C E S S  ---------------

Threads class SMR info:
_java_thread_list=0x00007ffce7e04ff0, length=0, elements={
}

Java Threads: ( => current thread )

Other Threads:
  0x000001d07b5e0ee0 GCTaskThread "GC Thread#0" [stack: 0x00000045a9f00000,0x00000045aa000000] [id=10900]
  0x000001d07b5e9ab0 ConcurrentGCThread "G1 Main Marker" [stack: 0x00000045aa000000,0x00000045aa100000] [id=8108]
  0x000001d07b5ea720 ConcurrentGCThread "G1 Conc#0" [stack: 0x00000045aa100000,0x00000045aa200000] [id=1948]

[error occurred during error reporting (printing all threads), id 0xc0000005, EXCEPTION_ACCESS_VIOLATION (0xc0000005) at pc=0x00007ffce75f7e27]

VM state: not at safepoint (not fully initialized)

VM Mutex/Monitor currently owned by a thread:  ([mutex/lock_event])
[0x000001d07b5ad4b0] Heap_lock - owner thread: 0x000001d07b5b0c10

Heap address: 0x00000000c3800000, size: 968 MB, Compressed Oops mode: 32-bit
CDS archive(s) mapped at: [0x0000000000000000-0x0000000000000000-0x0000000000000000), size 0, SharedBaseAddress: 0x0000000800000000, ArchiveRelocationMode: 0.
Narrow klass base: 0x0000000000000000, Narrow klass shift: 0, Narrow klass range: 0x0

Heap:
 garbage-first heap   total 63488K, used 0K [0x00000000c3800000, 0x0000000100000000)
  region size 1024K, 0 young (0K), 0 survivors (0K)
 Metaspace       used 0K, capacity 0K, committed 0K, reserved 0K
  class space    used 0K, capacity 0K, committed 0K, reserved 0K

Heap Regions: E=young(eden), S=young(survivor), O=old, HS=humongous(starts), HC=humongous(continues), CS=collection set, F=free, OA=open archive, CA=closed archive, TAMS=top-at-mark-start (previous, next)

Card table byte_map: [0x000001d07b870000,0x000001d07ba60000] _byte_map_base: 0x000001d07b254000

Marking Bits (Prev, Next): (CMBitMap*) 0x000001d07b5e1750, (CMBitMap*) 0x000001d07b5e1790
 Prev Bits: [0x000001d07bc50000, 0x000001d07cb70000)
 Next Bits: [0x000001d07cb70000, 0x000001d07da90000)

GC Heap History (0 events):
No events

Deoptimization events (0 events):
No events

Classes unloaded (0 events):
No events

Classes redefined (0 events):
No events

Internal exceptions (0 events):
No events

Events (1 events):
Event: 0.269 Loaded shared library C:\Program Files\Java\jdk-15.0.2\bin\java.dll


Dynamic libraries:
0x00007ff7cb3c0000 - 0x00007ff7cb3cf000 	C:\Program Files\Java\jdk-15.0.2\bin\java.exe
0x00007ffd284c0000 - 0x00007ffd286b0000 	C:\Windows\SYSTEM32\ntdll.dll
0x00007ffd27890000 - 0x00007ffd27942000 	C:\Windows\System32\KERNEL32.DLL
0x00007ffd25f80000 - 0x00007ffd26225000 	C:\Windows\System32\KERNELBASE.dll
0x00007ffd25de0000 - 0x00007ffd25eda000 	C:\Windows\System32\ucrtbase.dll
0x00007ffd167f0000 - 0x00007ffd16809000 	C:\Program Files\Java\jdk-15.0.2\bin\VCRUNTIME140.dll
0x00007ffd166e0000 - 0x00007ffd166f8000 	C:\Program Files\Java\jdk-15.0.2\bin\jli.dll
0x00007ffd276d0000 - 0x00007ffd27773000 	C:\Windows\System32\ADVAPI32.dll
0x00007ffd27350000 - 0x00007ffd273ee000 	C:\Windows\System32\msvcrt.dll
0x00007ffd26720000 - 0x00007ffd267b7000 	C:\Windows\System32\sechost.dll
0x00007ffd27ca0000 - 0x00007ffd27dbf000 	C:\Windows\System32\RPCRT4.dll
0x00007ffd26570000 - 0x00007ffd26704000 	C:\Windows\System32\USER32.dll
0x00007ffd25db0000 - 0x00007ffd25dd1000 	C:\Windows\System32\win32u.dll
0x00007ffd26c30000 - 0x00007ffd26c56000 	C:\Windows\System32\GDI32.dll
0x00007ffd26290000 - 0x00007ffd26428000 	C:\Windows\System32\gdi32full.dll
0x00007ffd25ee0000 - 0x00007ffd25f7e000 	C:\Windows\System32\msvcp_win.dll
0x00007ffd0b290000 - 0x00007ffd0b514000 	C:\Windows\WinSxS\amd64_microsoft.windows.common-controls_6595b64144ccf1df_6.0.18362.1500_none_9e79be6de462295c\COMCTL32.dll
0x00007ffd28130000 - 0x00007ffd28466000 	C:\Windows\System32\combase.dll
0x00007ffd264e0000 - 0x00007ffd26561000 	C:\Windows\System32\bcryptPrimitives.dll
0x00007ffd17640000 - 0x00007ffd1764a000 	C:\Windows\SYSTEM32\VERSION.dll
0x00007ffd273f0000 - 0x00007ffd2741e000 	C:\Windows\System32\IMM32.DLL
0x00007ffd22f80000 - 0x00007ffd22f8c000 	C:\Program Files\Java\jdk-15.0.2\bin\vcruntime140_1.dll
0x00007ffcfec70000 - 0x00007ffcfed01000 	C:\Program Files\Java\jdk-15.0.2\bin\msvcp140.dll
0x00007ffce7340000 - 0x00007ffce7e9e000 	C:\Program Files\Java\jdk-15.0.2\bin\server\jvm.dll
0x00007ffd27420000 - 0x00007ffd27428000 	C:\Windows\System32\PSAPI.DLL
0x00007ffd11330000 - 0x00007ffd11339000 	C:\Windows\SYSTEM32\WSOCK32.dll
0x00007ffd22f00000 - 0x00007ffd22f24000 	C:\Windows\SYSTEM32\WINMM.dll
0x00007ffd27dc0000 - 0x00007ffd27e2f000 	C:\Windows\System32\WS2_32.dll
0x00007ffd22ed0000 - 0x00007ffd22efd000 	C:\Windows\SYSTEM32\winmmbase.dll
0x00007ffd25d10000 - 0x00007ffd25d5a000 	C:\Windows\System32\cfgmgr32.dll
0x00007ffd25380000 - 0x00007ffd25391000 	C:\Windows\System32\kernel.appcore.dll
0x00007ffd168c0000 - 0x00007ffd168ca000 	C:\Program Files\Java\jdk-15.0.2\bin\jimage.dll
0x00007ffd23b10000 - 0x00007ffd23d04000 	C:\Windows\SYSTEM32\DBGHELP.DLL
0x00007ffd0b9a0000 - 0x00007ffd0b9ca000 	C:\Windows\SYSTEM32\dbgcore.DLL
0x00007ffd15380000 - 0x00007ffd153a5000 	C:\Program Files\Java\jdk-15.0.2\bin\java.dll

dbghelp: loaded successfully - version: 4.0.5 - missing functions: none
symbol engine: initialized successfully - sym options: 0x614 - pdb path: .;C:\Program Files\Java\jdk-15.0.2\bin;C:\Windows\SYSTEM32;C:\Windows\WinSxS\amd64_microsoft.windows.common-controls_6595b64144ccf1df_6.0.18362.1500_none_9e79be6de462295c;C:\Program Files\Java\jdk-15.0.2\bin\server

VM Arguments:
jvm_args: --add-modules=ALL-DEFAULT 
java_command: jdk.compiler/com.sun.tools.javac.launcher.Main mathmethod19.java
java_class_path (initial): .
Launcher Type: SUN_STANDARD

[Global flags]
     intx CICompilerCount                          = 3                                         {product} {ergonomic}
     uint ConcGCThreads                            = 1                                         {product} {ergonomic}
     uint G1ConcRefinementThreads                  = 4                                         {product} {ergonomic}
   size_t G1HeapRegionSize                         = 1048576                                   {product} {ergonomic}
    uintx GCDrainStackTargetSize                   = 64                                        {product} {ergonomic}
   size_t InitialHeapSize                          = 65011712                                  {product} {ergonomic}
   size_t MarkStackSize                            = 4194304                                   {product} {ergonomic}
   size_t MaxHeapSize                              = 1015021568                                {product} {ergonomic}
   size_t MinHeapDeltaBytes                        = 1048576                                   {product} {ergonomic}
   size_t MinHeapSize                              = 8388608                                   {product} {ergonomic}
    uintx NonNMethodCodeHeapSize                   = 5832780                                {pd product} {ergonomic}
    uintx NonProfiledCodeHeapSize                  = 122912730                              {pd product} {ergonomic}
    uintx ProfiledCodeHeapSize                     = 122912730                              {pd product} {ergonomic}
    uintx ReservedCodeCacheSize                    = 251658240                              {pd product} {ergonomic}
     bool SegmentedCodeCache                       = true                                      {product} {ergonomic}
   size_t SoftMaxHeapSize                          = 1015021568                             {manageable} {ergonomic}
     bool UseCompressedClassPointers               = true                                 {lp64_product} {ergonomic}
     bool UseCompressedOops                        = true                                 {lp64_product} {ergonomic}
     bool UseG1GC                                  = true                                      {product} {ergonomic}
     bool UseLargePagesIndividualAllocation        = false                                  {pd product} {ergonomic}

Logging:
Log output configuration:
 #0: stdout all=warning uptime,level,tags
 #1: stderr all=off uptime,level,tags

Environment Variables:
JAVA_HOME=C:\Program Files\Java\jdk-15.0.2
PATH=C:\Program Files\Common Files\Oracle\Java\javapath;C:\Windows\system32;C:\Windows;C:\Windows\System32\Wbem;C:\Windows\System32\WindowsPowerShell\v1.0\;C:\Windows\System32\OpenSSH\;C:\Program Files\Java\jdk-15.0.2\bin;C:\Program Files (x86)\QuickTime\QTSystem\;C:\Users\Shane Ivan Fallar\AppData\Local\Programs\Python\Python39\Scripts\;C:\Users\Shane Ivan Fallar\AppData\Local\Programs\Python\Python39\;C:\Users\Shane Ivan Fallar\AppData\Local\Microsoft\WindowsApps;C:\Program Files\JetBrains\PyCharm Community Edition 2021.1.1\bin;;C:\Users\Shane Ivan Fallar\AppData\Local\Programs\Microsoft VS Code\bin;C:\Users\Shane Ivan Fallar\AppData\Roaming\Python\Python39\Scripts;
USERNAME=Shane Ivan Fallar
OS=Windows_NT
PROCESSOR_IDENTIFIER=Intel64 Family 6 Model 78 Stepping 3, GenuineIntel



---------------  S Y S T E M  ---------------

OS:
 Windows 10 , 64 bit Build 18362 (10.0.18362.1500)
OS uptime: 2 days 4:03 hours

CPU: total 4 (initial active 4) (2 cores per cpu, 2 threads per core) family 6 model 78 stepping 3 microcode 0xd6, cmov, cx8, fxsr, mmx, sse, sse2, sse3, ssse3, sse4.1, sse4.2, popcnt, vzeroupper, avx, avx2, aes, clmul, erms, 3dnowpref, lzcnt, ht, tsc, tscinvbit, bmi1, bmi2, adx, fma, clflush, clflushopt

Memory: 4k page, system-wide physical 3870M (338M free)
TotalPageFile size 15646M (AvailPageFile size 33M)
current process WorkingSet (physical memory assigned to process): 9M, peak: 9M
current process commit charge ("private bytes"): 51M, peak: 113M

vm_info: Java HotSpot(TM) 64-Bit Server VM (15.0.2+7-27) for windows-amd64 JRE (15.0.2+7-27), built on Dec  7 2020 20:07:01 by "mach5one" with unknown MS VC++:1925

END.
