#
# There is insufficient memory for the Java Runtime Environment to continue.
# Native memory allocation (malloc) failed to allocate 50896 bytes for Chunk::new
# Possible reasons:
#   The system is out of physical RAM or swap space
#   The process is running with CompressedOops enabled, and the Java Heap may be blocking the growth of the native heap
# Possible solutions:
#   Reduce memory load on the system
#   Increase physical memory or swap space
#   Check if swap backing store is full
#   Decrease Java heap size (-Xmx/-Xms)
#   Decrease number of Java threads
#   Decrease Java thread stack sizes (-Xss)
#   Set larger code cache with -XX:ReservedCodeCacheSize=
#   JVM is running with Unscaled Compressed Oops mode in which the Java heap is
#     placed in the first 4GB address space. The Java Heap base address is the
#     maximum limit for the native heap growth. Please use -XX:HeapBaseMinAddress
#     to set the Java Heap base and to place the Java Heap above 4GB virtual address.
# This output file may be truncated or incomplete.
#
#  Out of Memory Error (./open/src/hotspot/share/memory/arena.cpp:195), pid=3016, tid=3780
#
# JRE version: Java(TM) SE Runtime Environment (15.0.2+7) (build 15.0.2+7-27)
# Java VM: Java HotSpot(TM) 64-Bit Server VM (15.0.2+7-27, mixed mode, sharing, tiered, compressed oops, g1 gc, windows-amd64)
# No core dump will be written. Minidumps are not enabled by default on client versions of Windows
#

---------------  S U M M A R Y ------------

Command Line: --add-modules=ALL-DEFAULT jdk.compiler/com.sun.tools.javac.launcher.Main mathmethod19.java

Host: Intel(R) Core(TM) i3-6006U CPU @ 2.00GHz, 4 cores, 3G,  Windows 10 , 64 bit Build 18362 (10.0.18362.1500)
Time: Sat May 29 16:35:57 2021 Malay Peninsula Standard Time elapsed time: 0.137319 seconds (0d 0h 0m 0s)

---------------  T H R E A D  ---------------

Current thread (0x0000029af6d7ec60):  JavaThread "C2 CompilerThread0" daemon [_thread_in_native, id=3780, stack(0x000000aa0bc00000,0x000000aa0bd00000)]


Current CompileTask:
C2:    137  116       4       java.lang.String::hashCode (60 bytes)

Stack: [0x000000aa0bc00000,0x000000aa0bd00000]
Native frames: (J=compiled Java code, j=interpreted, Vv=VM code, C=native code)
V  [jvm.dll+0x62ae9a]
V  [jvm.dll+0x7817a9]
V  [jvm.dll+0x782f03]
V  [jvm.dll+0x783563]
V  [jvm.dll+0x216325]
V  [jvm.dll+0x97f3a]
V  [jvm.dll+0x9861c]
V  [jvm.dll+0x279f9f]
V  [jvm.dll+0x540794]
V  [jvm.dll+0x1f3124]
V  [jvm.dll+0x1ecaf1]
V  [jvm.dll+0x1e9867]
V  [jvm.dll+0x178567]
V  [jvm.dll+0x1f9225]
V  [jvm.dll+0x1f72cc]
V  [jvm.dll+0x74495d]
V  [jvm.dll+0x73d75a]
V  [jvm.dll+0x629c56]
C  [ucrtbase.dll+0x210b2]
C  [KERNEL32.DLL+0x17c24]
C  [ntdll.dll+0x6d721]


---------------  P R O C E S S  ---------------

Threads class SMR info:
_java_thread_list=0x0000029af77df9a0, length=11, elements={
0x0000029aea2a06e0, 0x0000029aea36e590, 0x0000029af6d52920, 0x0000029af6d6cd40,
0x0000029af6d6f710, 0x0000029af6d73110, 0x0000029af6d7ec60, 0x0000029af6d8c780,
0x0000029af6d95260, 0x0000029af6e0e0f0, 0x0000029af77bc290
}

Java Threads: ( => current thread )
  0x0000029aea2a06e0 JavaThread "main" [_thread_in_Java, id=7556, stack(0x000000aa0b000000,0x000000aa0b100000)]
  0x0000029aea36e590 JavaThread "Reference Handler" daemon [_thread_blocked, id=9544, stack(0x000000aa0b700000,0x000000aa0b800000)]
  0x0000029af6d52920 JavaThread "Finalizer" daemon [_thread_blocked, id=7392, stack(0x000000aa0b800000,0x000000aa0b900000)]
  0x0000029af6d6cd40 JavaThread "Signal Dispatcher" daemon [_thread_blocked, id=10864, stack(0x000000aa0b900000,0x000000aa0ba00000)]
  0x0000029af6d6f710 JavaThread "Attach Listener" daemon [_thread_blocked, id=5756, stack(0x000000aa0ba00000,0x000000aa0bb00000)]
  0x0000029af6d73110 JavaThread "Service Thread" daemon [_thread_blocked, id=5184, stack(0x000000aa0bb00000,0x000000aa0bc00000)]
=>0x0000029af6d7ec60 JavaThread "C2 CompilerThread0" daemon [_thread_in_native, id=3780, stack(0x000000aa0bc00000,0x000000aa0bd00000)]
  0x0000029af6d8c780 JavaThread "C1 CompilerThread0" daemon [_thread_blocked, id=5476, stack(0x000000aa0bd00000,0x000000aa0be00000)]
  0x0000029af6d95260 JavaThread "Sweeper thread" daemon [_thread_blocked, id=6496, stack(0x000000aa0be00000,0x000000aa0bf00000)]
  0x0000029af6e0e0f0 JavaThread "Common-Cleaner" daemon [_thread_blocked, id=4548, stack(0x000000aa0bf00000,0x000000aa0c000000)]
  0x0000029af77bc290 JavaThread "Notification Thread" daemon [_thread_blocked, id=4184, stack(0x000000aa0c000000,0x000000aa0c100000)]

Other Threads:
  0x0000029aea36d580 VMThread "VM Thread" [stack: 0x000000aa0b600000,0x000000aa0b700000] [id=11064]
  0x0000029aea2cfd50 GCTaskThread "GC Thread#0" [stack: 0x000000aa0b100000,0x000000aa0b200000] [id=592]
  0x0000029aea2d8920 ConcurrentGCThread "G1 Main Marker" [stack: 0x000000aa0b200000,0x000000aa0b300000] [id=9592]
  0x0000029aea2d9d30 ConcurrentGCThread "G1 Conc#0" [stack: 0x000000aa0b300000,0x000000aa0b400000] [id=808]
  0x0000029aea3171b0 ConcurrentGCThread "G1 Refine#0" [stack: 0x000000aa0b400000,0x000000aa0b500000] [id=8944]
  0x0000029aea317e30 ConcurrentGCThread "G1 Young RemSet Sampling" [stack: 0x000000aa0b500000,0x000000aa0b600000] [id=1348]

Threads with active compile tasks:
C2 CompilerThread0      254  116       4       java.lang.String::hashCode (60 bytes)

VM state: not at safepoint (normal execution)

VM Mutex/Monitor currently owned by a thread: None

Heap address: 0x00000000c3800000, size: 968 MB, Compressed Oops mode: 32-bit
CDS archive(s) mapped at: [0x0000000800000000-0x0000000800b50000-0x0000000800b50000), size 11862016, SharedBaseAddress: 0x0000000800000000, ArchiveRelocationMode: 0.
Compressed class space mapped at: 0x0000000800b50000-0x0000000840b50000, size: 1073741824
Narrow klass base: 0x0000000800000000, Narrow klass shift: 3, Narrow klass range: 0x100000000

GC Precious Log:
 CPUs: 4 total, 4 available
 Memory: 3870M
 Large Page Support: Disabled
 NUMA Support: Disabled
 Compressed Oops: Enabled (32-bit)
 Heap Region Size: 1M
 Heap Min Capacity: 8M
 Heap Initial Capacity: 62M
 Heap Max Capacity: 968M
 Pre-touch: Disabled
 Parallel Workers: 4
 Concurrent Workers: 1
 Concurrent Refinement Workers: 4
 Periodic GC: Disabled

Heap:
 garbage-first heap   total 63488K, used 1024K [0x00000000c3800000, 0x0000000100000000)
  region size 1024K, 2 young (2048K), 0 survivors (0K)
 Metaspace       used 881K, capacity 4775K, committed 4864K, reserved 1058816K
  class space    used 87K, capacity 465K, committed 512K, reserved 1048576K

Heap Regions: E=young(eden), S=young(survivor), O=old, HS=humongous(starts), HC=humongous(continues), CS=collection set, F=free, OA=open archive, CA=closed archive, TAMS=top-at-mark-start (previous, next)
|   0|0x00000000c3800000, 0x00000000c3800000, 0x00000000c3900000|  0%| F|  |TAMS 0x00000000c3800000, 0x00000000c3800000| Untracked 
|   1|0x00000000c3900000, 0x00000000c3900000, 0x00000000c3a00000|  0%| F|  |TAMS 0x00000000c3900000, 0x00000000c3900000| Untracked 
|   2|0x00000000c3a00000, 0x00000000c3a00000, 0x00000000c3b00000|  0%| F|  |TAMS 0x00000000c3a00000, 0x00000000c3a00000| Untracked 
|   3|0x00000000c3b00000, 0x00000000c3b00000, 0x00000000c3c00000|  0%| F|  |TAMS 0x00000000c3b00000, 0x00000000c3b00000| Untracked 
|   4|0x00000000c3c00000, 0x00000000c3c00000, 0x00000000c3d00000|  0%| F|  |TAMS 0x00000000c3c00000, 0x00000000c3c00000| Untracked 
|   5|0x00000000c3d00000, 0x00000000c3d00000, 0x00000000c3e00000|  0%| F|  |TAMS 0x00000000c3d00000, 0x00000000c3d00000| Untracked 
|   6|0x00000000c3e00000, 0x00000000c3e00000, 0x00000000c3f00000|  0%| F|  |TAMS 0x00000000c3e00000, 0x00000000c3e00000| Untracked 
|   7|0x00000000c3f00000, 0x00000000c3f00000, 0x00000000c4000000|  0%| F|  |TAMS 0x00000000c3f00000, 0x00000000c3f00000| Untracked 
|   8|0x00000000c4000000, 0x00000000c4000000, 0x00000000c4100000|  0%| F|  |TAMS 0x00000000c4000000, 0x00000000c4000000| Untracked 
|   9|0x00000000c4100000, 0x00000000c4100000, 0x00000000c4200000|  0%| F|  |TAMS 0x00000000c4100000, 0x00000000c4100000| Untracked 
|  10|0x00000000c4200000, 0x00000000c4200000, 0x00000000c4300000|  0%| F|  |TAMS 0x00000000c4200000, 0x00000000c4200000| Untracked 
|  11|0x00000000c4300000, 0x00000000c4300000, 0x00000000c4400000|  0%| F|  |TAMS 0x00000000c4300000, 0x00000000c4300000| Untracked 
|  12|0x00000000c4400000, 0x00000000c4400000, 0x00000000c4500000|  0%| F|  |TAMS 0x00000000c4400000, 0x00000000c4400000| Untracked 
|  13|0x00000000c4500000, 0x00000000c4500000, 0x00000000c4600000|  0%| F|  |TAMS 0x00000000c4500000, 0x00000000c4500000| Untracked 
|  14|0x00000000c4600000, 0x00000000c4600000, 0x00000000c4700000|  0%| F|  |TAMS 0x00000000c4600000, 0x00000000c4600000| Untracked 
|  15|0x00000000c4700000, 0x00000000c4700000, 0x00000000c4800000|  0%| F|  |TAMS 0x00000000c4700000, 0x00000000c4700000| Untracked 
|  16|0x00000000c4800000, 0x00000000c4800000, 0x00000000c4900000|  0%| F|  |TAMS 0x00000000c4800000, 0x00000000c4800000| Untracked 
|  17|0x00000000c4900000, 0x00000000c4900000, 0x00000000c4a00000|  0%| F|  |TAMS 0x00000000c4900000, 0x00000000c4900000| Untracked 
|  18|0x00000000c4a00000, 0x00000000c4a00000, 0x00000000c4b00000|  0%| F|  |TAMS 0x00000000c4a00000, 0x00000000c4a00000| Untracked 
|  19|0x00000000c4b00000, 0x00000000c4b00000, 0x00000000c4c00000|  0%| F|  |TAMS 0x00000000c4b00000, 0x00000000c4b00000| Untracked 
|  20|0x00000000c4c00000, 0x00000000c4c00000, 0x00000000c4d00000|  0%| F|  |TAMS 0x00000000c4c00000, 0x00000000c4c00000| Untracked 
|  21|0x00000000c4d00000, 0x00000000c4d00000, 0x00000000c4e00000|  0%| F|  |TAMS 0x00000000c4d00000, 0x00000000c4d00000| Untracked 
|  22|0x00000000c4e00000, 0x00000000c4e00000, 0x00000000c4f00000|  0%| F|  |TAMS 0x00000000c4e00000, 0x00000000c4e00000| Untracked 
|  23|0x00000000c4f00000, 0x00000000c4f00000, 0x00000000c5000000|  0%| F|  |TAMS 0x00000000c4f00000, 0x00000000c4f00000| Untracked 
|  24|0x00000000c5000000, 0x00000000c5000000, 0x00000000c5100000|  0%| F|  |TAMS 0x00000000c5000000, 0x00000000c5000000| Untracked 
|  25|0x00000000c5100000, 0x00000000c5100000, 0x00000000c5200000|  0%| F|  |TAMS 0x00000000c5100000, 0x00000000c5100000| Untracked 
|  26|0x00000000c5200000, 0x00000000c5200000, 0x00000000c5300000|  0%| F|  |TAMS 0x00000000c5200000, 0x00000000c5200000| Untracked 
|  27|0x00000000c5300000, 0x00000000c5300000, 0x00000000c5400000|  0%| F|  |TAMS 0x00000000c5300000, 0x00000000c5300000| Untracked 
|  28|0x00000000c5400000, 0x00000000c5400000, 0x00000000c5500000|  0%| F|  |TAMS 0x00000000c5400000, 0x00000000c5400000| Untracked 
|  29|0x00000000c5500000, 0x00000000c5500000, 0x00000000c5600000|  0%| F|  |TAMS 0x00000000c5500000, 0x00000000c5500000| Untracked 
|  30|0x00000000c5600000, 0x00000000c5600000, 0x00000000c5700000|  0%| F|  |TAMS 0x00000000c5600000, 0x00000000c5600000| Untracked 
|  31|0x00000000c5700000, 0x00000000c5700000, 0x00000000c5800000|  0%| F|  |TAMS 0x00000000c5700000, 0x00000000c5700000| Untracked 
|  32|0x00000000c5800000, 0x00000000c5800000, 0x00000000c5900000|  0%| F|  |TAMS 0x00000000c5800000, 0x00000000c5800000| Untracked 
|  33|0x00000000c5900000, 0x00000000c5900000, 0x00000000c5a00000|  0%| F|  |TAMS 0x00000000c5900000, 0x00000000c5900000| Untracked 
|  34|0x00000000c5a00000, 0x00000000c5a00000, 0x00000000c5b00000|  0%| F|  |TAMS 0x00000000c5a00000, 0x00000000c5a00000| Untracked 
|  35|0x00000000c5b00000, 0x00000000c5b00000, 0x00000000c5c00000|  0%| F|  |TAMS 0x00000000c5b00000, 0x00000000c5b00000| Untracked 
|  36|0x00000000c5c00000, 0x00000000c5c00000, 0x00000000c5d00000|  0%| F|  |TAMS 0x00000000c5c00000, 0x00000000c5c00000| Untracked 
|  37|0x00000000c5d00000, 0x00000000c5d00000, 0x00000000c5e00000|  0%| F|  |TAMS 0x00000000c5d00000, 0x00000000c5d00000| Untracked 
|  38|0x00000000c5e00000, 0x00000000c5e00000, 0x00000000c5f00000|  0%| F|  |TAMS 0x00000000c5e00000, 0x00000000c5e00000| Untracked 
|  39|0x00000000c5f00000, 0x00000000c5f00000, 0x00000000c6000000|  0%| F|  |TAMS 0x00000000c5f00000, 0x00000000c5f00000| Untracked 
|  40|0x00000000c6000000, 0x00000000c6000000, 0x00000000c6100000|  0%| F|  |TAMS 0x00000000c6000000, 0x00000000c6000000| Untracked 
|  41|0x00000000c6100000, 0x00000000c6100000, 0x00000000c6200000|  0%| F|  |TAMS 0x00000000c6100000, 0x00000000c6100000| Untracked 
|  42|0x00000000c6200000, 0x00000000c6200000, 0x00000000c6300000|  0%| F|  |TAMS 0x00000000c6200000, 0x00000000c6200000| Untracked 
|  43|0x00000000c6300000, 0x00000000c6300000, 0x00000000c6400000|  0%| F|  |TAMS 0x00000000c6300000, 0x00000000c6300000| Untracked 
|  44|0x00000000c6400000, 0x00000000c6400000, 0x00000000c6500000|  0%| F|  |TAMS 0x00000000c6400000, 0x00000000c6400000| Untracked 
|  45|0x00000000c6500000, 0x00000000c6500000, 0x00000000c6600000|  0%| F|  |TAMS 0x00000000c6500000, 0x00000000c6500000| Untracked 
|  46|0x00000000c6600000, 0x00000000c6600000, 0x00000000c6700000|  0%| F|  |TAMS 0x00000000c6600000, 0x00000000c6600000| Untracked 
|  47|0x00000000c6700000, 0x00000000c6700000, 0x00000000c6800000|  0%| F|  |TAMS 0x00000000c6700000, 0x00000000c6700000| Untracked 
|  48|0x00000000c6800000, 0x00000000c6800000, 0x00000000c6900000|  0%| F|  |TAMS 0x00000000c6800000, 0x00000000c6800000| Untracked 
|  49|0x00000000c6900000, 0x00000000c6900000, 0x00000000c6a00000|  0%| F|  |TAMS 0x00000000c6900000, 0x00000000c6900000| Untracked 
|  50|0x00000000c6a00000, 0x00000000c6a00000, 0x00000000c6b00000|  0%| F|  |TAMS 0x00000000c6a00000, 0x00000000c6a00000| Untracked 
|  51|0x00000000c6b00000, 0x00000000c6b00000, 0x00000000c6c00000|  0%| F|  |TAMS 0x00000000c6b00000, 0x00000000c6b00000| Untracked 
|  52|0x00000000c6c00000, 0x00000000c6c00000, 0x00000000c6d00000|  0%| F|  |TAMS 0x00000000c6c00000, 0x00000000c6c00000| Untracked 
|  53|0x00000000c6d00000, 0x00000000c6d00000, 0x00000000c6e00000|  0%| F|  |TAMS 0x00000000c6d00000, 0x00000000c6d00000| Untracked 
|  54|0x00000000c6e00000, 0x00000000c6e00000, 0x00000000c6f00000|  0%| F|  |TAMS 0x00000000c6e00000, 0x00000000c6e00000| Untracked 
|  55|0x00000000c6f00000, 0x00000000c6f00000, 0x00000000c7000000|  0%| F|  |TAMS 0x00000000c6f00000, 0x00000000c6f00000| Untracked 
|  56|0x00000000c7000000, 0x00000000c7000000, 0x00000000c7100000|  0%| F|  |TAMS 0x00000000c7000000, 0x00000000c7000000| Untracked 
|  57|0x00000000c7100000, 0x00000000c7100000, 0x00000000c7200000|  0%| F|  |TAMS 0x00000000c7100000, 0x00000000c7100000| Untracked 
|  58|0x00000000c7200000, 0x00000000c7200000, 0x00000000c7300000|  0%| F|  |TAMS 0x00000000c7200000, 0x00000000c7200000| Untracked 
|  59|0x00000000c7300000, 0x00000000c7300000, 0x00000000c7400000|  0%| F|  |TAMS 0x00000000c7300000, 0x00000000c7300000| Untracked 
|  60|0x00000000c7400000, 0x00000000c74c8338, 0x00000000c7500000| 78%| E|  |TAMS 0x00000000c7400000, 0x00000000c7400000| Complete 
|  61|0x00000000c7500000, 0x00000000c7600000, 0x00000000c7600000|100%| E|CS|TAMS 0x00000000c7500000, 0x00000000c7500000| Complete 

Card table byte_map: [0x0000029af26c0000,0x0000029af28b0000] _byte_map_base: 0x0000029af20a4000

Marking Bits (Prev, Next): (CMBitMap*) 0x0000029aea2d05c0, (CMBitMap*) 0x0000029aea2d0600
 Prev Bits: [0x0000029af2aa0000, 0x0000029af39c0000)
 Next Bits: [0x0000029af39c0000, 0x0000029af48e0000)

Polling page: 0x0000029ae8100000

Metaspace:

Usage:
  Non-class:      4.21 MB capacity,   794.37 KB ( 18%) used,     3.43 MB ( 82%) free+waste,   704 bytes ( <1%) overhead. 
      Class:    465.00 KB capacity,    87.51 KB ( 19%) used,   376.74 KB ( 81%) free+waste,   768 bytes ( <1%) overhead. 
       Both:      4.66 MB capacity,   881.88 KB ( 18%) used,     3.80 MB ( 82%) free+waste,     1.44 KB ( <1%) overhead. 

Virtual space:
  Non-class space:       10.00 MB reserved,       4.25 MB ( 43%) committed 
      Class space:        1.00 GB reserved,     512.00 KB ( <1%) committed 
             Both:        1.01 GB reserved,       4.75 MB ( <1%) committed 

Chunk freelists:
   Non-Class:  42.00 KB
       Class:  15.00 KB
        Both:  57.00 KB

MaxMetaspaceSize: 17179869184.00 GB
CompressedClassSpaceSize: 1.00 GB

CodeHeap 'non-profiled nmethods': size=120000Kb used=54Kb max_used=54Kb free=119945Kb
 bounds [0x0000029a87ad0000, 0x0000029a87d40000, 0x0000029a8f000000]
CodeHeap 'profiled nmethods': size=120000Kb used=238Kb max_used=238Kb free=119761Kb
 bounds [0x0000029a805a0000, 0x0000029a80810000, 0x0000029a87ad0000]
CodeHeap 'non-nmethods': size=5760Kb used=1110Kb max_used=1110Kb free=4649Kb
 bounds [0x0000029a80000000, 0x0000029a80270000, 0x0000029a805a0000]
 total_blobs=562 nmethods=210 adapters=265
 compilation: enabled
              stopped_count=0, restarted_count=0
 full_count=0

Compilation events (20 events):
Event: 0.129 Thread 0x0000029af6d7ec60 nmethod 114 0x0000029a87ad7e90 code [0x0000029a87ad8000, 0x0000029a87ad8058]
Event: 0.129 Thread 0x0000029af6d8c780 nmethod 98 0x0000029a87ad8190 code [0x0000029a87ad8320, 0x0000029a87ad83d8]
Event: 0.130 Thread 0x0000029af6d7ec60  116       4       java.lang.String::hashCode (60 bytes)
Event: 0.130 Thread 0x0000029af6d8c780  106       1       java.lang.module.ModuleDescriptor::requires (5 bytes)
Event: 0.130 Thread 0x0000029af6d8c780 nmethod 106 0x0000029a87ad8490 code [0x0000029a87ad8620, 0x0000029a87ad86d8]
Event: 0.130 Thread 0x0000029af6d8c780  113       3       java.lang.module.ModuleDescriptor$Exports::isQualified (18 bytes)
Event: 0.130 Thread 0x0000029af6d8c780 nmethod 113 0x0000029a805c0710 code [0x0000029a805c08c0, 0x0000029a805c0ae8]
Event: 0.130 Thread 0x0000029af6d8c780  115       3       java.util.ImmutableCollections$SetN::isEmpty (13 bytes)
Event: 0.130 Thread 0x0000029af6d8c780 nmethod 115 0x0000029a805c0b90 code [0x0000029a805c0d20, 0x0000029a805c0e78]
Event: 0.130 Thread 0x0000029af6d8c780  120       3       java.util.HashMap::putIfAbsent (13 bytes)
Event: 0.130 Thread 0x0000029af6d8c780 nmethod 120 0x0000029a805c0f10 code [0x0000029a805c10c0, 0x0000029a805c13b8]
Event: 0.130 Thread 0x0000029af6d8c780  119       3       java.util.ImmutableCollections$Set12::contains (28 bytes)
Event: 0.131 Thread 0x0000029af6d8c780 nmethod 119 0x0000029a805c1510 code [0x0000029a805c16c0, 0x0000029a805c19f8]
Event: 0.131 Thread 0x0000029af6d8c780  118       3       java.lang.Object::equals (11 bytes)
Event: 0.131 Thread 0x0000029af6d8c780 nmethod 118 0x0000029a805c1b10 code [0x0000029a805c1ca0, 0x0000029a805c1df8]
Event: 0.131 Thread 0x0000029af6d8c780  117       3       java.util.ImmutableCollections$Set12$1::hasNext (13 bytes)
Event: 0.131 Thread 0x0000029af6d8c780 nmethod 117 0x0000029a805c1e90 code [0x0000029a805c2020, 0x0000029a805c2178]
Event: 0.131 Thread 0x0000029af6d8c780  121       3       java.util.HashMap::resize (356 bytes)
Event: 0.133 Thread 0x0000029af6d8c780 nmethod 121 0x0000029a805c2210 code [0x0000029a805c24c0, 0x0000029a805c39c8]
Event: 0.133 Thread 0x0000029af6d8c780  123       3       java.util.HashMap$HashIterator::<init> (79 bytes)

GC Heap History (0 events):
No events

Deoptimization events (0 events):
No events

Classes unloaded (0 events):
No events

Classes redefined (0 events):
No events

Internal exceptions (0 events):
No events

Events (15 events):
Event: 0.013 Loaded shared library C:\Program Files\Java\jdk-15.0.2\bin\java.dll
Event: 0.034 Thread 0x0000029aea2a06e0 Thread added: 0x0000029aea2a06e0
Event: 0.040 Thread 0x0000029aea36e590 Thread added: 0x0000029aea36e590
Event: 0.041 Thread 0x0000029af6d52920 Thread added: 0x0000029af6d52920
Event: 0.051 loading class sun/nio/cs/IBM437
Event: 0.052 loading class sun/nio/cs/IBM437 done
Event: 0.055 Thread 0x0000029af6d6cd40 Thread added: 0x0000029af6d6cd40
Event: 0.055 Thread 0x0000029af6d6f710 Thread added: 0x0000029af6d6f710
Event: 0.055 Thread 0x0000029af6d73110 Thread added: 0x0000029af6d73110
Event: 0.056 Thread 0x0000029af6d7ec60 Thread added: 0x0000029af6d7ec60
Event: 0.056 Thread 0x0000029af6d8c780 Thread added: 0x0000029af6d8c780
Event: 0.056 Thread 0x0000029af6d95260 Thread added: 0x0000029af6d95260
Event: 0.100 Thread 0x0000029af6e0e0f0 Thread added: 0x0000029af6e0e0f0
Event: 0.123 Executing VM operation: HandshakeAllThreads
Event: 0.123 Executing VM operation: HandshakeAllThreads done


Dynamic libraries:
0x00007ff7f65f0000 - 0x00007ff7f65ff000 	C:\Program Files\Java\jdk-15.0.2\bin\java.exe
0x00007ffd284c0000 - 0x00007ffd286b0000 	C:\Windows\SYSTEM32\ntdll.dll
0x00007ffd27890000 - 0x00007ffd27942000 	C:\Windows\System32\KERNEL32.DLL
0x00007ffd25f80000 - 0x00007ffd26225000 	C:\Windows\System32\KERNELBASE.dll
0x00007ffd25de0000 - 0x00007ffd25eda000 	C:\Windows\System32\ucrtbase.dll
0x00007ffd167f0000 - 0x00007ffd16809000 	C:\Program Files\Java\jdk-15.0.2\bin\VCRUNTIME140.dll
0x00007ffd166e0000 - 0x00007ffd166f8000 	C:\Program Files\Java\jdk-15.0.2\bin\jli.dll
0x00007ffd276d0000 - 0x00007ffd27773000 	C:\Windows\System32\ADVAPI32.dll
0x00007ffd27350000 - 0x00007ffd273ee000 	C:\Windows\System32\msvcrt.dll
0x00007ffd26720000 - 0x00007ffd267b7000 	C:\Windows\System32\sechost.dll
0x00007ffd27ca0000 - 0x00007ffd27dbf000 	C:\Windows\System32\RPCRT4.dll
0x00007ffd26570000 - 0x00007ffd26704000 	C:\Windows\System32\USER32.dll
0x00007ffd0b290000 - 0x00007ffd0b514000 	C:\Windows\WinSxS\amd64_microsoft.windows.common-controls_6595b64144ccf1df_6.0.18362.1500_none_9e79be6de462295c\COMCTL32.dll
0x00007ffd25db0000 - 0x00007ffd25dd1000 	C:\Windows\System32\win32u.dll
0x00007ffd26c30000 - 0x00007ffd26c56000 	C:\Windows\System32\GDI32.dll
0x00007ffd28130000 - 0x00007ffd28466000 	C:\Windows\System32\combase.dll
0x00007ffd26290000 - 0x00007ffd26428000 	C:\Windows\System32\gdi32full.dll
0x00007ffd264e0000 - 0x00007ffd26561000 	C:\Windows\System32\bcryptPrimitives.dll
0x00007ffd25ee0000 - 0x00007ffd25f7e000 	C:\Windows\System32\msvcp_win.dll
0x00007ffd17640000 - 0x00007ffd1764a000 	C:\Windows\SYSTEM32\VERSION.dll
0x00007ffd273f0000 - 0x00007ffd2741e000 	C:\Windows\System32\IMM32.DLL
0x00007ffd22f80000 - 0x00007ffd22f8c000 	C:\Program Files\Java\jdk-15.0.2\bin\vcruntime140_1.dll
0x00007ffcfec70000 - 0x00007ffcfed01000 	C:\Program Files\Java\jdk-15.0.2\bin\msvcp140.dll
0x00007ffce7340000 - 0x00007ffce7e9e000 	C:\Program Files\Java\jdk-15.0.2\bin\server\jvm.dll
0x00007ffd27420000 - 0x00007ffd27428000 	C:\Windows\System32\PSAPI.DLL
0x00007ffd11330000 - 0x00007ffd11339000 	C:\Windows\SYSTEM32\WSOCK32.dll
0x00007ffd22f00000 - 0x00007ffd22f24000 	C:\Windows\SYSTEM32\WINMM.dll
0x00007ffd27dc0000 - 0x00007ffd27e2f000 	C:\Windows\System32\WS2_32.dll
0x00007ffd22ed0000 - 0x00007ffd22efd000 	C:\Windows\SYSTEM32\winmmbase.dll
0x00007ffd25d10000 - 0x00007ffd25d5a000 	C:\Windows\System32\cfgmgr32.dll
0x00007ffd25380000 - 0x00007ffd25391000 	C:\Windows\System32\kernel.appcore.dll
0x00007ffd168c0000 - 0x00007ffd168ca000 	C:\Program Files\Java\jdk-15.0.2\bin\jimage.dll
0x00007ffd23b10000 - 0x00007ffd23d04000 	C:\Windows\SYSTEM32\DBGHELP.DLL
0x00007ffd0b9a0000 - 0x00007ffd0b9ca000 	C:\Windows\SYSTEM32\dbgcore.DLL
0x00007ffd15380000 - 0x00007ffd153a5000 	C:\Program Files\Java\jdk-15.0.2\bin\java.dll
0x00007ffd26c60000 - 0x00007ffd27348000 	C:\Windows\System32\SHELL32.dll
0x00007ffd277e0000 - 0x00007ffd27887000 	C:\Windows\System32\shcore.dll
0x00007ffd25430000 - 0x00007ffd25bab000 	C:\Windows\System32\windows.storage.dll
0x00007ffd253a0000 - 0x00007ffd253be000 	C:\Windows\System32\profapi.dll
0x00007ffd253c0000 - 0x00007ffd2540a000 	C:\Windows\System32\powrprof.dll
0x00007ffd25370000 - 0x00007ffd25380000 	C:\Windows\System32\UMPDC.dll
0x00007ffd27f80000 - 0x00007ffd27fd2000 	C:\Windows\System32\shlwapi.dll
0x00007ffd25d90000 - 0x00007ffd25da7000 	C:\Windows\System32\cryptsp.dll
0x00007ffd16200000 - 0x00007ffd16219000 	C:\Program Files\Java\jdk-15.0.2\bin\net.dll
0x00007ffd17350000 - 0x00007ffd1744a000 	C:\Windows\SYSTEM32\WINHTTP.dll
0x00007ffd24bb0000 - 0x00007ffd24c17000 	C:\Windows\system32\mswsock.dll
0x00007ffd15d60000 - 0x00007ffd15d72000 	C:\Program Files\Java\jdk-15.0.2\bin\nio.dll

dbghelp: loaded successfully - version: 4.0.5 - missing functions: none
symbol engine: initialized successfully - sym options: 0x614 - pdb path: .;C:\Program Files\Java\jdk-15.0.2\bin;C:\Windows\SYSTEM32;C:\Windows\WinSxS\amd64_microsoft.windows.common-controls_6595b64144ccf1df_6.0.18362.1500_none_9e79be6de462295c;C:\Program Files\Java\jdk-15.0.2\bin\server

VM Arguments:
jvm_args: --add-modules=ALL-DEFAULT 
java_command: jdk.compiler/com.sun.tools.javac.launcher.Main mathmethod19.java
java_class_path (initial): .
Launcher Type: SUN_STANDARD

[Global flags]
     intx CICompilerCount                          = 3                                         {product} {ergonomic}
     uint ConcGCThreads                            = 1                                         {product} {ergonomic}
     uint G1ConcRefinementThreads                  = 4                                         {product} {ergonomic}
   size_t G1HeapRegionSize                         = 1048576                                   {product} {ergonomic}
    uintx GCDrainStackTargetSize                   = 64                                        {product} {ergonomic}
   size_t InitialHeapSize                          = 65011712                                  {product} {ergonomic}
   size_t MarkStackSize                            = 4194304                                   {product} {ergonomic}
   size_t MaxHeapSize                              = 1015021568                                {product} {ergonomic}
   size_t MaxNewSize                               = 608174080                                 {product} {ergonomic}
   size_t MinHeapDeltaBytes                        = 1048576                                   {product} {ergonomic}
   size_t MinHeapSize                              = 8388608                                   {product} {ergonomic}
    uintx NonNMethodCodeHeapSize                   = 5832780                                {pd product} {ergonomic}
    uintx NonProfiledCodeHeapSize                  = 122912730                              {pd product} {ergonomic}
    uintx ProfiledCodeHeapSize                     = 122912730                              {pd product} {ergonomic}
    uintx ReservedCodeCacheSize                    = 251658240                              {pd product} {ergonomic}
     bool SegmentedCodeCache                       = true                                      {product} {ergonomic}
   size_t SoftMaxHeapSize                          = 1015021568                             {manageable} {ergonomic}
     bool UseCompressedClassPointers               = true                                 {lp64_product} {ergonomic}
     bool UseCompressedOops                        = true                                 {lp64_product} {ergonomic}
     bool UseG1GC                                  = true                                      {product} {ergonomic}
     bool UseLargePagesIndividualAllocation        = false                                  {pd product} {ergonomic}

Logging:
Log output configuration:
 #0: stdout all=warning uptime,level,tags
 #1: stderr all=off uptime,level,tags

Environment Variables:
JAVA_HOME=C:\Program Files\Java\jdk-15.0.2
PATH=C:\Program Files\Common Files\Oracle\Java\javapath;C:\Windows\system32;C:\Windows;C:\Windows\System32\Wbem;C:\Windows\System32\WindowsPowerShell\v1.0\;C:\Windows\System32\OpenSSH\;C:\Program Files\Java\jdk-15.0.2\bin;C:\Program Files (x86)\QuickTime\QTSystem\;C:\Users\Shane Ivan Fallar\AppData\Local\Programs\Python\Python39\Scripts\;C:\Users\Shane Ivan Fallar\AppData\Local\Programs\Python\Python39\;C:\Users\Shane Ivan Fallar\AppData\Local\Microsoft\WindowsApps;C:\Program Files\JetBrains\PyCharm Community Edition 2021.1.1\bin;;C:\Users\Shane Ivan Fallar\AppData\Local\Programs\Microsoft VS Code\bin;C:\Users\Shane Ivan Fallar\AppData\Roaming\Python\Python39\Scripts;
USERNAME=Shane Ivan Fallar
OS=Windows_NT
PROCESSOR_IDENTIFIER=Intel64 Family 6 Model 78 Stepping 3, GenuineIntel



---------------  S Y S T E M  ---------------

OS:
 Windows 10 , 64 bit Build 18362 (10.0.18362.1500)
OS uptime: 2 days 4:04 hours

CPU: total 4 (initial active 4) (2 cores per cpu, 2 threads per core) family 6 model 78 stepping 3 microcode 0xd6, cmov, cx8, fxsr, mmx, sse, sse2, sse3, ssse3, sse4.1, sse4.2, popcnt, vzeroupper, avx, avx2, aes, clmul, erms, 3dnowpref, lzcnt, ht, tsc, tscinvbit, bmi1, bmi2, adx, fma, clflush, clflushopt

Memory: 4k page, system-wide physical 3870M (337M free)
TotalPageFile size 15646M (AvailPageFile size 3M)
current process WorkingSet (physical memory assigned to process): 31M, peak: 31M
current process commit charge ("private bytes"): 137M, peak: 137M

vm_info: Java HotSpot(TM) 64-Bit Server VM (15.0.2+7-27) for windows-amd64 JRE (15.0.2+7-27), built on Dec  7 2020 20:07:01 by "mach5one" with unknown MS VC++:1925

END.
